<?xml version="1.0" encoding="UTF-8"?>
<!-- Generated by org.testng.reporters.JUnitReportReporter -->
<testsuite skipped="0" hostname="DESKTOP-I52FD5C" name="com.testng.ParameterizedTest" tests="1" failures="0" timestamp="2022-07-13T19:08:08 IST" time="0.016" errors="0">
  <testcase name="credentials" time="0.016" classname="com.testng.ParameterizedTest"/>
  <system-out/>
</testsuite> <!-- com.testng.ParameterizedTest -->
