<?xml version="1.0" encoding="UTF-8"?>
<!-- Generated by org.testng.reporters.JUnitReportReporter -->
<testsuite skipped="1" hostname="DESKTOP-I52FD5C" name="com.testng.IgnoreTest" tests="2" failures="0" timestamp="2022-07-15T11:24:04 IST" time="0.021" errors="0">
  <testcase name="menswear" time="0.021" classname="com.testng.IgnoreTest"/>
  <system-out/>
  <testcase name="wemenswear" classname="com.testng.IgnoreTest">
    <skipped/>
  </testcase> <!-- wemenswear -->
  <system-out/>
</testsuite> <!-- com.testng.IgnoreTest -->
