<?xml version="1.0" encoding="UTF-8"?>
<!-- Generated by org.testng.reporters.JUnitReportReporter -->
<testsuite skipped="0" hostname="DESKTOP-I52FD5C" name="com.testng.PriorityTest" tests="3" failures="0" timestamp="2022-07-11T19:31:22 IST" time="0.020" errors="0">
  <testcase name="tablets" time="0.015" classname="com.testng.PriorityTest"/>
  <system-out/>
  <testcase name="mobiles" time="0.003" classname="com.testng.PriorityTest"/>
  <system-out/>
  <testcase name="laptops" time="0.002" classname="com.testng.PriorityTest"/>
  <system-out/>
</testsuite> <!-- com.testng.PriorityTest -->
