<?xml version="1.0" encoding="UTF-8"?>
<!-- Generated by org.testng.reporters.JUnitReportReporter -->
<testsuite skipped="0" hostname="DESKTOP-I52FD5C" name="com.testng.Myntra" tests="2" failures="0" timestamp="2022-07-27T11:05:37 IST" time="31.515" errors="0">
  <testcase name="myntra_allprices" time="16.084" classname="com.testng.Myntra"/>
  <system-out/>
  <testcase name="myntra_pprices" time="15.431" classname="com.testng.Myntra"/>
  <system-out/>
</testsuite> <!-- com.testng.Myntra -->
