<?xml version="1.0" encoding="UTF-8"?>
<!-- Generated by org.testng.reporters.JUnitReportReporter -->
<testsuite skipped="0" hostname="DESKTOP-I52FD5C" name="com.testng.ParallelTest" tests="3" failures="0" timestamp="2022-07-14T18:33:56 IST" time="56.934" errors="0">
  <testcase name="method2" time="26.331" classname="com.testng.ParallelTest"/>
  <system-out/>
  <testcase name="method3" time="16.632" classname="com.testng.ParallelTest"/>
  <system-out/>
  <testcase name="method1" time="13.971" classname="com.testng.ParallelTest"/>
  <system-out/>
</testsuite> <!-- com.testng.ParallelTest -->
