<?xml version="1.0" encoding="UTF-8"?>
<!-- Generated by org.testng.reporters.JUnitReportReporter -->
<testsuite skipped="0" hostname="DESKTOP-I52FD5C" name="com.testng.Grouping" tests="6" failures="0" timestamp="2022-07-15T10:47:16 IST" time="0.034" errors="0">
  <testcase name="whatsApp" time="0.004" classname="com.testng.Grouping"/>
  <system-out/>
  <testcase name="indianBank" time="0.002" classname="com.testng.Grouping"/>
  <system-out/>
  <testcase name="amazon" time="0.018" classname="com.testng.Grouping"/>
  <system-out/>
  <testcase name="axisBank" time="0.005" classname="com.testng.Grouping"/>
  <system-out/>
  <testcase name="flipkart" time="0.002" classname="com.testng.Grouping"/>
  <system-out/>
  <testcase name="telegram" time="0.003" classname="com.testng.Grouping"/>
  <system-out/>
</testsuite> <!-- com.testng.Grouping -->
