<?xml version="1.0" encoding="UTF-8"?>
<!-- Generated by org.testng.reporters.JUnitReportReporter -->
<testsuite skipped="0" hostname="DESKTOP-I52FD5C" name="com.testng.Invocationcount" tests="4" failures="0" timestamp="2022-07-09T21:24:23 IST" time="0.032" errors="0">
  <testcase name="menswear" time="0.016" classname="com.testng.Invocationcount"/>
  <system-out/>
  <testcase name="menswear" time="0.000" classname="com.testng.Invocationcount"/>
  <system-out/>
  <testcase name="kidswear" time="0.016" classname="com.testng.Invocationcount"/>
  <system-out/>
  <testcase name="menswear" time="0.000" classname="com.testng.Invocationcount"/>
  <system-out/>
</testsuite> <!-- com.testng.Invocationcount -->
