<?xml version="1.0" encoding="UTF-8"?>
<!-- Generated by org.testng.reporters.JUnitReportReporter -->
<testsuite skipped="0" hostname="DESKTOP-I52FD5C" name="com.testng.SimpleAnnotations" tests="3" failures="0" timestamp="2022-07-11T19:28:09 IST" time="0.028" errors="0">
  <testcase name="women" time="0.003" classname="com.testng.SimpleAnnotations"/>
  <system-out/>
  <testcase name="dresses" time="0.017" classname="com.testng.SimpleAnnotations"/>
  <system-out/>
  <testcase name="tshirts" time="0.008" classname="com.testng.SimpleAnnotations"/>
  <system-out/>
</testsuite> <!-- com.testng.SimpleAnnotations -->
