<?xml version="1.0" encoding="UTF-8"?>
<!-- Generated by org.testng.reporters.JUnitReportReporter -->
<testsuite skipped="0" hostname="DESKTOP-I52FD5C" name="com.testng.Multipledata" tests="3" failures="0" timestamp="2022-07-26T22:25:41 IST" time="0.020" errors="0">
  <testcase name="credentials" time="0.015" classname="com.testng.Multipledata"/>
  <system-out/>
  <testcase name="credentials" time="0.002" classname="com.testng.Multipledata"/>
  <system-out/>
  <testcase name="credentials" time="0.003" classname="com.testng.Multipledata"/>
  <system-out/>
</testsuite> <!-- com.testng.Multipledata -->
