<?xml version="1.0" encoding="UTF-8"?>
<!-- Generated by org.testng.reporters.JUnitReportReporter -->
<testsuite skipped="0" hostname="DESKTOP-I52FD5C" name="com.testng.Dependsonmethod" tests="4" failures="0" timestamp="2022-07-13T18:11:35 IST" time="0.026" errors="0">
  <testcase name="logout" time="0.003" classname="com.testng.Dependsonmethod"/>
  <system-out/>
  <testcase name="browserLaunch" time="0.018" classname="com.testng.Dependsonmethod"/>
  <system-out/>
  <testcase name="login" time="0.002" classname="com.testng.Dependsonmethod"/>
  <system-out/>
  <testcase name="url" time="0.003" classname="com.testng.Dependsonmethod"/>
  <system-out/>
</testsuite> <!-- com.testng.Dependsonmethod -->
