<?xml version="1.0" encoding="UTF-8"?>
<!-- Generated by org.testng.reporters.JUnitReportReporter -->
<testsuite skipped="0" hostname="DESKTOP-I52FD5C" name="com.testng.SoftAssertConcept" tests="1" failures="0" timestamp="2022-07-15T11:57:41 IST" time="0.024" errors="0">
  <testcase name="demo1" time="0.024" classname="com.testng.SoftAssertConcept"/>
  <system-out/>
</testsuite> <!-- com.testng.SoftAssertConcept -->
